2023-08-28T06:14:51+00:00 CRITICAL syntax error, unexpected end of file в /home/b/beautykiss/woocommerce_gridkit_ru/public_html/wp-content/themes/storefront-child/functions.php на строке 287

2023-08-28T06:14:51+00:00 CRITICAL syntax error, unexpected end of file в /home/b/beautykiss/woocommerce_gridkit_ru/public_html/wp-content/themes/storefront-child/functions.php на строке 287

2023-08-28T06:14:51+00:00 CRITICAL syntax error, unexpected end of file в /home/b/beautykiss/woocommerce_gridkit_ru/public_html/wp-content/themes/storefront-child/functions.php на строке 287

2023-08-28T06:14:51+00:00 CRITICAL syntax error, unexpected end of file в /home/b/beautykiss/woocommerce_gridkit_ru/public_html/wp-content/themes/storefront-child/functions.php на строке 287

2023-08-28T06:14:53+00:00 CRITICAL syntax error, unexpected end of file в /home/b/beautykiss/woocommerce_gridkit_ru/public_html/wp-content/themes/storefront-child/functions.php на строке 287

2023-08-28T06:14:54+00:00 CRITICAL syntax error, unexpected end of file в /home/b/beautykiss/woocommerce_gridkit_ru/public_html/wp-content/themes/storefront-child/functions.php на строке 287

2023-08-28T06:14:54+00:00 CRITICAL syntax error, unexpected end of file в /home/b/beautykiss/woocommerce_gridkit_ru/public_html/wp-content/themes/storefront-child/functions.php на строке 287

2023-08-28T06:14:54+00:00 CRITICAL syntax error, unexpected end of file в /home/b/beautykiss/woocommerce_gridkit_ru/public_html/wp-content/themes/storefront-child/functions.php на строке 287

2023-08-28T06:14:54+00:00 CRITICAL syntax error, unexpected end of file в /home/b/beautykiss/woocommerce_gridkit_ru/public_html/wp-content/themes/storefront-child/functions.php на строке 287

2023-08-28T06:14:55+00:00 CRITICAL syntax error, unexpected end of file в /home/b/beautykiss/woocommerce_gridkit_ru/public_html/wp-content/themes/storefront-child/functions.php на строке 287

2023-08-28T06:14:55+00:00 CRITICAL syntax error, unexpected end of file в /home/b/beautykiss/woocommerce_gridkit_ru/public_html/wp-content/themes/storefront-child/functions.php на строке 287

2023-08-28T06:14:55+00:00 CRITICAL syntax error, unexpected end of file в /home/b/beautykiss/woocommerce_gridkit_ru/public_html/wp-content/themes/storefront-child/functions.php на строке 287

2023-08-28T06:14:55+00:00 CRITICAL syntax error, unexpected end of file в /home/b/beautykiss/woocommerce_gridkit_ru/public_html/wp-content/themes/storefront-child/functions.php на строке 287

2023-08-28T07:17:22+00:00 CRITICAL Uncaught ArgumentCountError: Too few arguments to function custom_product_image_column_content(), 0 passed in /home/b/beautykiss/woocommerce_gridkit_ru/public_html/wp-includes/class-wp-hook.php on line 308 and exactly 2 expected in /home/b/beautykiss/woocommerce_gridkit_ru/public_html/wp-content/themes/storefront-child/functions.php:167
Stack trace:
#0 /home/b/beautykiss/woocommerce_gridkit_ru/public_html/wp-includes/class-wp-hook.php(308): custom_product_image_column_content()
#1 /home/b/beautykiss/woocommerce_gridkit_ru/public_html/wp-includes/class-wp-hook.php(334): WP_Hook->apply_filters('', Array)
#2 /home/b/beautykiss/woocommerce_gridkit_ru/public_html/wp-includes/plugin.php(517): WP_Hook->do_action(Array)
#3 /home/b/beautykiss/woocommerce_gridkit_ru/public_html/wp-admin/includes/class-wp-posts-list-table.php(1387): do_action('manage_product_...', 'name', 93)
#4 /home/b/beautykiss/woocommerce_gridkit_ru/public_html/wp-admin/includes/class-wp-list-table.php(1752): WP_Posts_List_Table->column_default(Obje в /home/b/beautykiss/woocommerce_gridkit_ru/public_html/wp-content/themes/storefront-child/functions.php на строке 167

2023-08-28T07:17:23+00:00 CRITICAL Uncaught ArgumentCountError: Too few arguments to function custom_product_image_column_content(), 0 passed in /home/b/beautykiss/woocommerce_gridkit_ru/public_html/wp-includes/class-wp-hook.php on line 308 and exactly 2 expected in /home/b/beautykiss/woocommerce_gridkit_ru/public_html/wp-content/themes/storefront-child/functions.php:167
Stack trace:
#0 /home/b/beautykiss/woocommerce_gridkit_ru/public_html/wp-includes/class-wp-hook.php(308): custom_product_image_column_content()
#1 /home/b/beautykiss/woocommerce_gridkit_ru/public_html/wp-includes/class-wp-hook.php(334): WP_Hook->apply_filters('', Array)
#2 /home/b/beautykiss/woocommerce_gridkit_ru/public_html/wp-includes/plugin.php(517): WP_Hook->do_action(Array)
#3 /home/b/beautykiss/woocommerce_gridkit_ru/public_html/wp-admin/includes/class-wp-posts-list-table.php(1387): do_action('manage_product_...', 'name', 93)
#4 /home/b/beautykiss/woocommerce_gridkit_ru/public_html/wp-admin/includes/class-wp-list-table.php(1752): WP_Posts_List_Table->column_default(Obje в /home/b/beautykiss/woocommerce_gridkit_ru/public_html/wp-content/themes/storefront-child/functions.php на строке 167

2023-08-28T07:17:27+00:00 CRITICAL Uncaught ArgumentCountError: Too few arguments to function custom_product_image_column_content(), 0 passed in /home/b/beautykiss/woocommerce_gridkit_ru/public_html/wp-includes/class-wp-hook.php on line 308 and exactly 2 expected in /home/b/beautykiss/woocommerce_gridkit_ru/public_html/wp-content/themes/storefront-child/functions.php:167
Stack trace:
#0 /home/b/beautykiss/woocommerce_gridkit_ru/public_html/wp-includes/class-wp-hook.php(308): custom_product_image_column_content()
#1 /home/b/beautykiss/woocommerce_gridkit_ru/public_html/wp-includes/class-wp-hook.php(334): WP_Hook->apply_filters('', Array)
#2 /home/b/beautykiss/woocommerce_gridkit_ru/public_html/wp-includes/plugin.php(517): WP_Hook->do_action(Array)
#3 /home/b/beautykiss/woocommerce_gridkit_ru/public_html/wp-admin/includes/class-wp-posts-list-table.php(1387): do_action('manage_product_...', 'name', 93)
#4 /home/b/beautykiss/woocommerce_gridkit_ru/public_html/wp-admin/includes/class-wp-list-table.php(1752): WP_Posts_List_Table->column_default(Obje в /home/b/beautykiss/woocommerce_gridkit_ru/public_html/wp-content/themes/storefront-child/functions.php на строке 167

2023-08-28T07:17:28+00:00 CRITICAL Uncaught ArgumentCountError: Too few arguments to function custom_product_image_column_content(), 0 passed in /home/b/beautykiss/woocommerce_gridkit_ru/public_html/wp-includes/class-wp-hook.php on line 308 and exactly 2 expected in /home/b/beautykiss/woocommerce_gridkit_ru/public_html/wp-content/themes/storefront-child/functions.php:167
Stack trace:
#0 /home/b/beautykiss/woocommerce_gridkit_ru/public_html/wp-includes/class-wp-hook.php(308): custom_product_image_column_content()
#1 /home/b/beautykiss/woocommerce_gridkit_ru/public_html/wp-includes/class-wp-hook.php(334): WP_Hook->apply_filters('', Array)
#2 /home/b/beautykiss/woocommerce_gridkit_ru/public_html/wp-includes/plugin.php(517): WP_Hook->do_action(Array)
#3 /home/b/beautykiss/woocommerce_gridkit_ru/public_html/wp-admin/includes/class-wp-posts-list-table.php(1387): do_action('manage_product_...', 'name', 93)
#4 /home/b/beautykiss/woocommerce_gridkit_ru/public_html/wp-admin/includes/class-wp-list-table.php(1752): WP_Posts_List_Table->column_default(Obje в /home/b/beautykiss/woocommerce_gridkit_ru/public_html/wp-content/themes/storefront-child/functions.php на строке 167

2023-08-28T07:17:36+00:00 CRITICAL Uncaught ArgumentCountError: Too few arguments to function custom_product_image_column_content(), 1 passed in /home/b/beautykiss/woocommerce_gridkit_ru/public_html/wp-includes/class-wp-hook.php on line 312 and exactly 2 expected in /home/b/beautykiss/woocommerce_gridkit_ru/public_html/wp-content/themes/storefront-child/functions.php:167
Stack trace:
#0 /home/b/beautykiss/woocommerce_gridkit_ru/public_html/wp-includes/class-wp-hook.php(312): custom_product_image_column_content('name')
#1 /home/b/beautykiss/woocommerce_gridkit_ru/public_html/wp-includes/class-wp-hook.php(334): WP_Hook->apply_filters('', Array)
#2 /home/b/beautykiss/woocommerce_gridkit_ru/public_html/wp-includes/plugin.php(517): WP_Hook->do_action(Array)
#3 /home/b/beautykiss/woocommerce_gridkit_ru/public_html/wp-admin/includes/class-wp-posts-list-table.php(1387): do_action('manage_product_...', 'name', 93)
#4 /home/b/beautykiss/woocommerce_gridkit_ru/public_html/wp-admin/includes/class-wp-list-table.php(1752): WP_Posts_List_Table->column_defaul в /home/b/beautykiss/woocommerce_gridkit_ru/public_html/wp-content/themes/storefront-child/functions.php на строке 167

2023-08-28T07:17:37+00:00 CRITICAL Uncaught ArgumentCountError: Too few arguments to function custom_product_image_column_content(), 1 passed in /home/b/beautykiss/woocommerce_gridkit_ru/public_html/wp-includes/class-wp-hook.php on line 312 and exactly 2 expected in /home/b/beautykiss/woocommerce_gridkit_ru/public_html/wp-content/themes/storefront-child/functions.php:167
Stack trace:
#0 /home/b/beautykiss/woocommerce_gridkit_ru/public_html/wp-includes/class-wp-hook.php(312): custom_product_image_column_content('name')
#1 /home/b/beautykiss/woocommerce_gridkit_ru/public_html/wp-includes/class-wp-hook.php(334): WP_Hook->apply_filters('', Array)
#2 /home/b/beautykiss/woocommerce_gridkit_ru/public_html/wp-includes/plugin.php(517): WP_Hook->do_action(Array)
#3 /home/b/beautykiss/woocommerce_gridkit_ru/public_html/wp-admin/includes/class-wp-posts-list-table.php(1387): do_action('manage_product_...', 'name', 93)
#4 /home/b/beautykiss/woocommerce_gridkit_ru/public_html/wp-admin/includes/class-wp-list-table.php(1752): WP_Posts_List_Table->column_defaul в /home/b/beautykiss/woocommerce_gridkit_ru/public_html/wp-content/themes/storefront-child/functions.php на строке 167

2023-08-28T07:17:37+00:00 CRITICAL Uncaught ArgumentCountError: Too few arguments to function custom_product_image_column_content(), 1 passed in /home/b/beautykiss/woocommerce_gridkit_ru/public_html/wp-includes/class-wp-hook.php on line 312 and exactly 2 expected in /home/b/beautykiss/woocommerce_gridkit_ru/public_html/wp-content/themes/storefront-child/functions.php:167
Stack trace:
#0 /home/b/beautykiss/woocommerce_gridkit_ru/public_html/wp-includes/class-wp-hook.php(312): custom_product_image_column_content('name')
#1 /home/b/beautykiss/woocommerce_gridkit_ru/public_html/wp-includes/class-wp-hook.php(334): WP_Hook->apply_filters('', Array)
#2 /home/b/beautykiss/woocommerce_gridkit_ru/public_html/wp-includes/plugin.php(517): WP_Hook->do_action(Array)
#3 /home/b/beautykiss/woocommerce_gridkit_ru/public_html/wp-admin/includes/class-wp-posts-list-table.php(1387): do_action('manage_product_...', 'name', 93)
#4 /home/b/beautykiss/woocommerce_gridkit_ru/public_html/wp-admin/includes/class-wp-list-table.php(1752): WP_Posts_List_Table->column_defaul в /home/b/beautykiss/woocommerce_gridkit_ru/public_html/wp-content/themes/storefront-child/functions.php на строке 167

2023-08-28T07:17:38+00:00 CRITICAL Uncaught ArgumentCountError: Too few arguments to function custom_product_image_column_content(), 1 passed in /home/b/beautykiss/woocommerce_gridkit_ru/public_html/wp-includes/class-wp-hook.php on line 312 and exactly 2 expected in /home/b/beautykiss/woocommerce_gridkit_ru/public_html/wp-content/themes/storefront-child/functions.php:167
Stack trace:
#0 /home/b/beautykiss/woocommerce_gridkit_ru/public_html/wp-includes/class-wp-hook.php(312): custom_product_image_column_content('name')
#1 /home/b/beautykiss/woocommerce_gridkit_ru/public_html/wp-includes/class-wp-hook.php(334): WP_Hook->apply_filters('', Array)
#2 /home/b/beautykiss/woocommerce_gridkit_ru/public_html/wp-includes/plugin.php(517): WP_Hook->do_action(Array)
#3 /home/b/beautykiss/woocommerce_gridkit_ru/public_html/wp-admin/includes/class-wp-posts-list-table.php(1387): do_action('manage_product_...', 'name', 93)
#4 /home/b/beautykiss/woocommerce_gridkit_ru/public_html/wp-admin/includes/class-wp-list-table.php(1752): WP_Posts_List_Table->column_defaul в /home/b/beautykiss/woocommerce_gridkit_ru/public_html/wp-content/themes/storefront-child/functions.php на строке 167

